<?xml version="1.0" encoding="UTF-8"?>
<testsuites>
  <testsuite name="/app/tests/Station11" tests="5" assertions="7" errors="0" warnings="0" failures="0" skipped="0" time="0.389870">
    <testsuite name="Tests\Station11\QuestionTest" file="/app/tests/Station11/QuestionTest.php" tests="5" assertions="7" errors="0" warnings="0" failures="0" skipped="0" time="0.389870">
      <testcase name="_300円の予算内で3つのお菓子データを抽出する" class="Tests\Station11\QuestionTest" classname="Tests.Station11.QuestionTest" file="/app/tests/Station11/QuestionTest.php" line="43" assertions="3" time="0.346787">
        <system-out>Array
(
    [0] =&gt; 0
    [1] =&gt; 2
    [2] =&gt; 4
)
Array
(
    [0] =&gt; Array
        (
            [name] =&gt; 飴玉
            [price] =&gt; 50
        )

    [1] =&gt; Array
        (
            [name] =&gt; チョコレート
            [price] =&gt; 88
        )

    [2] =&gt; Array
        (
            [name] =&gt; せんべい
            [price] =&gt; 150
        )

)
Array
(
    [0] =&gt; 0
    [1] =&gt; 3
    [2] =&gt; 4
)
Array
(
    [0] =&gt; Array
        (
            [name] =&gt; 飴玉
            [price] =&gt; 50
        )

    [1] =&gt; Array
        (
            [name] =&gt; チョコレート
            [price] =&gt; 80
        )

    [2] =&gt; Array
        (
            [name] =&gt; ドーナツ
            [price] =&gt; 120
        )

)
</system-out>
      </testcase>
      <testcase name="お菓子データの抽出はランダムである" class="Tests\Station11\QuestionTest" classname="Tests.Station11.QuestionTest" file="/app/tests/Station11/QuestionTest.php" line="55" assertions="1" time="0.029228">
        <system-out>Array
(
    [0] =&gt; 0
    [1] =&gt; 1
    [2] =&gt; 3
)
Array
(
    [0] =&gt; Array
        (
            [name] =&gt; 飴玉
            [price] =&gt; 50
        )

    [1] =&gt; Array
        (
            [name] =&gt; 綿菓子
            [price] =&gt; 60
        )

    [2] =&gt; Array
        (
            [name] =&gt; チョコレート
            [price] =&gt; 80
        )

)
Array
(
    [0] =&gt; 0
    [1] =&gt; 3
    [2] =&gt; 6
)
Array
(
    [0] =&gt; Array
        (
            [name] =&gt; 飴玉
            [price] =&gt; 50
        )

    [1] =&gt; Array
        (
            [name] =&gt; チョコレート
            [price] =&gt; 80
        )

    [2] =&gt; Array
        (
            [name] =&gt; ラムネ
            [price] =&gt; 90
        )

)
Array
(
    [0] =&gt; 0
    [1] =&gt; 2
    [2] =&gt; 3
)
Array
(
    [0] =&gt; Array
        (
            [name] =&gt; 飴玉
            [price] =&gt; 50
        )

    [1] =&gt; Array
        (
            [name] =&gt; ポテトチップス
            [price] =&gt; 160
        )

    [2] =&gt; Array
        (
            [name] =&gt; チョコレート
            [price] =&gt; 80
        )

)
Array
(
    [0] =&gt; 1
    [1] =&gt; 3
    [2] =&gt; 4
)
Array
(
    [0] =&gt; Array
        (
            [name] =&gt; 綿菓子
            [price] =&gt; 60
        )

    [1] =&gt; Array
        (
            [name] =&gt; チョコレート
            [price] =&gt; 80
        )

    [2] =&gt; Array
        (
            [name] =&gt; ドーナツ
            [price] =&gt; 120
        )

)
</system-out>
      </testcase>
      <testcase name="getSweetsLessThanBudgetでの処理が命名に合致する" class="Tests\Station11\QuestionTest" classname="Tests.Station11.QuestionTest" file="/app/tests/Station11/QuestionTest.php" line="72" assertions="1" time="0.013630"/>
      <testcase name="getRandomKeysでの処理が命名に合致する" class="Tests\Station11\QuestionTest" classname="Tests.Station11.QuestionTest" file="/app/tests/Station11/QuestionTest.php" line="93" assertions="1" time="0.000124">
        <system-out>Array
(
    [0] =&gt; 0
    [1] =&gt; 1
    [2] =&gt; 3
)
</system-out>
      </testcase>
      <testcase name="makeCombinationでの処理が命名に合致する" class="Tests\Station11\QuestionTest" classname="Tests.Station11.QuestionTest" file="/app/tests/Station11/QuestionTest.php" line="112" assertions="1" time="0.000101">
        <system-out>Array
(
    [0] =&gt; Array
        (
            [name] =&gt; 飴玉
            [price] =&gt; 50
        )

    [1] =&gt; Array
        (
            [name] =&gt; ポテトチップス
            [price] =&gt; 160
        )

    [2] =&gt; Array
        (
            [name] =&gt; ドーナツ
            [price] =&gt; 120
        )

)
</system-out>
      </testcase>
    </testsuite>
  </testsuite>
</testsuites>
